#
# There is insufficient memory for the Java Runtime Environment to continue.
# Native memory allocation (malloc) failed to allocate 1790096 bytes for Chunk::new
# Possible reasons:
#   The system is out of physical RAM or swap space
#   The process is running with CompressedOops enabled, and the Java Heap may be blocking the growth of the native heap
# Possible solutions:
#   Reduce memory load on the system
#   Increase physical memory or swap space
#   Check if swap backing store is full
#   Decrease Java heap size (-Xmx/-Xms)
#   Decrease number of Java threads
#   Decrease Java thread stack sizes (-Xss)
#   Set larger code cache with -XX:ReservedCodeCacheSize=
#   JVM is running with Unscaled Compressed Oops mode in which the Java heap is
#     placed in the first 4GB address space. The Java Heap base address is the
#     maximum limit for the native heap growth. Please use -XX:HeapBaseMinAddress
#     to set the Java Heap base and to place the Java Heap above 4GB virtual address.
# This output file may be truncated or incomplete.
#
#  Out of Memory Error (./open/src/hotspot/share/memory/arena.cpp:197), pid=21372, tid=1124
#
# JRE version: Java(TM) SE Runtime Environment 18.9 (11.0.19+9) (build 11.0.19+9-LTS-224)
# Java VM: Java HotSpot(TM) 64-Bit Server VM 18.9 (11.0.19+9-LTS-224, mixed mode, tiered, compressed oops, g1 gc, windows-amd64)
# No core dump will be written. Minidumps are not enabled by default on client versions of Windows
#

---------------  S U M M A R Y ------------

Command Line: -ea -Didea.test.cyclic.buffer.size=1048576 -javaagent:C:\Program Files\JetBrains\IntelliJ IDEA Community Edition 2023.1.1\lib\idea_rt.jar=52452:C:\Program Files\JetBrains\IntelliJ IDEA Community Edition 2023.1.1\bin -Dfile.encoding=UTF-8 com.intellij.rt.testng.RemoteTestNGStarter -usedefaultlisteners false -socket52451 @w@C:\Users\chava\AppData\Local\Temp\idea_working_dirs_testng.tmp -temp C:\Users\chava\AppData\Local\Temp\idea_testng.tmp

Host: AMD Athlon Silver 7120U with Radeon Graphics   , 2 cores, 3G,  Windows 11 , 64 bit Build 22621 (10.0.22621.2428)
Time: Sat Oct 28 15:25:48 2023 India Standard Time elapsed time: 31.856173 seconds (0d 0h 0m 31s)

---------------  T H R E A D  ---------------

Current thread (0x00000183ced03000):  JavaThread "C2 CompilerThread0" daemon [_thread_in_native, id=1124, stack(0x0000007a13800000,0x0000007a13900000)]


Current CompileTask:
C2:  31868 1919       4       java.lang.invoke.MethodType::makeImpl (108 bytes)

Stack: [0x0000007a13800000,0x0000007a13900000]
Native frames: (J=compiled Java code, j=interpreted, Vv=VM code, C=native code)
V  [jvm.dll+0x65fe1a]
V  [jvm.dll+0x7a2bbf]
V  [jvm.dll+0x7a4289]
V  [jvm.dll+0x7a4923]
V  [jvm.dll+0x258a25]
V  [jvm.dll+0xb29cc]
V  [jvm.dll+0xb2f8c]
V  [jvm.dll+0x367121]
V  [jvm.dll+0x32fdf5]
V  [jvm.dll+0x32f1da]
V  [jvm.dll+0x21172d]
V  [jvm.dll+0x2106f8]
V  [jvm.dll+0x18c841]
V  [jvm.dll+0x220989]
V  [jvm.dll+0x21ecac]
V  [jvm.dll+0x766921]
V  [jvm.dll+0x75f2e4]
V  [jvm.dll+0x65ecc5]
C  [ucrtbase.dll+0x29363]
C  [KERNEL32.DLL+0x1257d]
C  [ntdll.dll+0x5aa78]


---------------  P R O C E S S  ---------------

Threads class SMR info:
_java_thread_list=0x00000183d03233b0, length=20, elements={
0x00000183b3eb3800, 0x00000183ceca1000, 0x00000183ceca2800, 0x00000183cecfc800,
0x00000183cecfe000, 0x00000183cecff000, 0x00000183ced03000, 0x00000183ced0d800,
0x00000183ced1f000, 0x00000183cec32800, 0x00000183cf11b000, 0x00000183cfd5a800,
0x00000183cf264800, 0x00000183cfeb1800, 0x00000183cfd57800, 0x00000183cfc97800,
0x00000183cf7d4800, 0x00000183cf8e7000, 0x00000183d0527000, 0x00000183ceffd800
}

Java Threads: ( => current thread )
  0x00000183b3eb3800 JavaThread "Forwarding newSession on session null to remote" [_thread_in_vm, id=16568, stack(0x0000007a12c00000,0x0000007a12d00000)]
  0x00000183ceca1000 JavaThread "Reference Handler" daemon [_thread_blocked, id=10636, stack(0x0000007a13300000,0x0000007a13400000)]
  0x00000183ceca2800 JavaThread "Finalizer" daemon [_thread_blocked, id=22844, stack(0x0000007a13400000,0x0000007a13500000)]
  0x00000183cecfc800 JavaThread "Signal Dispatcher" daemon [_thread_blocked, id=17196, stack(0x0000007a13500000,0x0000007a13600000)]
  0x00000183cecfe000 JavaThread "Attach Listener" daemon [_thread_blocked, id=2752, stack(0x0000007a13600000,0x0000007a13700000)]
  0x00000183cecff000 JavaThread "Service Thread" daemon [_thread_blocked, id=20592, stack(0x0000007a13700000,0x0000007a13800000)]
=>0x00000183ced03000 JavaThread "C2 CompilerThread0" daemon [_thread_in_native, id=1124, stack(0x0000007a13800000,0x0000007a13900000)]
  0x00000183ced0d800 JavaThread "C1 CompilerThread0" daemon [_thread_blocked, id=3544, stack(0x0000007a13900000,0x0000007a13a00000)]
  0x00000183ced1f000 JavaThread "Sweeper thread" daemon [_thread_blocked, id=5884, stack(0x0000007a13a00000,0x0000007a13b00000)]
  0x00000183cec32800 JavaThread "Common-Cleaner" daemon [_thread_blocked, id=5220, stack(0x0000007a13b00000,0x0000007a13c00000)]
  0x00000183cf11b000 JavaThread "Monitor Ctrl-Break" daemon [_thread_in_native, id=12276, stack(0x0000007a13c00000,0x0000007a13d00000)]
  0x00000183cfd5a800 JavaThread "ForkJoinPool.commonPool-worker-3" daemon [_thread_blocked, id=5812, stack(0x0000007a13f00000,0x0000007a14000000)]
  0x00000183cf264800 JavaThread "HttpClient-1-SelectorManager" daemon [_thread_in_native, id=12788, stack(0x0000007a14000000,0x0000007a14100000)]
  0x00000183cfeb1800 JavaThread "Exec Default Executor" daemon [_thread_in_native, id=12416, stack(0x0000007a14100000,0x0000007a14200000)]
  0x00000183cfd57800 JavaThread "Exec Stream Pumper" daemon [_thread_in_native, id=21124, stack(0x0000007a14200000,0x0000007a14300000)]
  0x00000183cfc97800 JavaThread "Exec Stream Pumper" daemon [_thread_in_native, id=23168, stack(0x0000007a14300000,0x0000007a14400000)]
  0x00000183cf7d4800 JavaThread "Driver Service Executor" daemon [_thread_blocked, id=16980, stack(0x0000007a14400000,0x0000007a14500000)]
  0x00000183cf8e7000 JavaThread "Driver Service Executor" daemon [_thread_blocked, id=2184, stack(0x0000007a14500000,0x0000007a14600000)]
  0x00000183d0527000 JavaThread "UrlChecker-2" daemon [_thread_blocked, id=9480, stack(0x0000007a14600000,0x0000007a14700000)]
  0x00000183ceffd800 JavaThread "Keep-Alive-Timer" daemon [_thread_blocked, id=8104, stack(0x0000007a14800000,0x0000007a14900000)]

Other Threads:
  0x00000183cec78800 VMThread "VM Thread" [stack: 0x0000007a13200000,0x0000007a13300000] [id=7596]
  0x00000183cf124000 WatcherThread [stack: 0x0000007a13d00000,0x0000007a13e00000] [id=18584]
  0x00000183b3ec8800 GCTaskThread "GC Thread#0" [stack: 0x0000007a12d00000,0x0000007a12e00000] [id=21868]
  0x00000183cf12a000 GCTaskThread "GC Thread#1" [stack: 0x0000007a13e00000,0x0000007a13f00000] [id=8112]
  0x00000183b3ee0800 ConcurrentGCThread "G1 Main Marker" [stack: 0x0000007a12e00000,0x0000007a12f00000] [id=22988]
  0x00000183b3ee2000 ConcurrentGCThread "G1 Conc#0" [stack: 0x0000007a12f00000,0x0000007a13000000] [id=12504]
  0x00000183b3f20000 ConcurrentGCThread "G1 Refine#0" [stack: 0x0000007a13000000,0x0000007a13100000] [id=5476]
  0x00000183b3f21000 ConcurrentGCThread "G1 Young RemSet Sampling" [stack: 0x0000007a13100000,0x0000007a13200000] [id=2360]

Threads with active compile tasks:
C2 CompilerThread0    32605 1919       4       java.lang.invoke.MethodType::makeImpl (108 bytes)

VM state:not at safepoint (normal execution)

VM Mutex/Monitor currently owned by a thread: None

Heap address: 0x00000000cc200000, size: 830 MB, Compressed Oops mode: 32-bit
Narrow klass base: 0x0000000000000000, Narrow klass shift: 3
Compressed class space size: 1073741824 Address: 0x0000000100000000

Heap:
 garbage-first heap   total 53248K, used 18889K [0x00000000cc200000, 0x0000000100000000)
  region size 1024K, 7 young (7168K), 1 survivors (1024K)
 Metaspace       used 21286K, capacity 21930K, committed 22144K, reserved 1069056K
  class space    used 2358K, capacity 2622K, committed 2688K, reserved 1048576K
Heap Regions: E=young(eden), S=young(survivor), O=old, HS=humongous(starts), HC=humongous(continues), CS=collection set, F=free, A=archive, TAMS=top-at-mark-start (previous, next)
|   0|0x00000000cc200000, 0x00000000cc300000, 0x00000000cc300000|100%| O|  |TAMS 0x00000000cc300000, 0x00000000cc200000| Untracked 
|   1|0x00000000cc300000, 0x00000000cc400000, 0x00000000cc400000|100%| O|  |TAMS 0x00000000cc400000, 0x00000000cc300000| Untracked 
|   2|0x00000000cc400000, 0x00000000cc500000, 0x00000000cc500000|100%| O|  |TAMS 0x00000000cc500000, 0x00000000cc400000| Untracked 
|   3|0x00000000cc500000, 0x00000000cc600000, 0x00000000cc600000|100%| O|  |TAMS 0x00000000cc600000, 0x00000000cc500000| Untracked 
|   4|0x00000000cc600000, 0x00000000cc700000, 0x00000000cc700000|100%| O|  |TAMS 0x00000000cc700000, 0x00000000cc600000| Untracked 
|   5|0x00000000cc700000, 0x00000000cc800000, 0x00000000cc800000|100%| O|  |TAMS 0x00000000cc800000, 0x00000000cc700000| Untracked 
|   6|0x00000000cc800000, 0x00000000cc900000, 0x00000000cc900000|100%| O|  |TAMS 0x00000000cc900000, 0x00000000cc800000| Untracked 
|   7|0x00000000cc900000, 0x00000000cca00000, 0x00000000cca00000|100%| O|  |TAMS 0x00000000cca00000, 0x00000000cc900000| Untracked 
|   8|0x00000000cca00000, 0x00000000ccb00000, 0x00000000ccb00000|100%| O|  |TAMS 0x00000000ccb00000, 0x00000000cca00000| Untracked 
|   9|0x00000000ccb00000, 0x00000000ccc00000, 0x00000000ccc00000|100%| O|  |TAMS 0x00000000ccc00000, 0x00000000ccb00000| Untracked 
|  10|0x00000000ccc00000, 0x00000000ccd00000, 0x00000000ccd00000|100%| O|  |TAMS 0x00000000ccd00000, 0x00000000ccc00000| Untracked 
|  11|0x00000000ccd00000, 0x00000000cce00000, 0x00000000cce00000|100%| O|  |TAMS 0x00000000cce00000, 0x00000000ccd00000| Untracked 
|  12|0x00000000cce00000, 0x00000000ccf00000, 0x00000000ccf00000|100%| O|  |TAMS 0x00000000ccf00000, 0x00000000cce00000| Untracked 
|  13|0x00000000ccf00000, 0x00000000ccf00000, 0x00000000cd000000|  0%| F|  |TAMS 0x00000000ccf00000, 0x00000000ccf00000| Untracked 
|  14|0x00000000cd000000, 0x00000000cd000000, 0x00000000cd100000|  0%| F|  |TAMS 0x00000000cd000000, 0x00000000cd000000| Untracked 
|  15|0x00000000cd100000, 0x00000000cd100000, 0x00000000cd200000|  0%| F|  |TAMS 0x00000000cd100000, 0x00000000cd100000| Untracked 
|  16|0x00000000cd200000, 0x00000000cd200000, 0x00000000cd300000|  0%| F|  |TAMS 0x00000000cd200000, 0x00000000cd200000| Untracked 
|  17|0x00000000cd300000, 0x00000000cd300000, 0x00000000cd400000|  0%| F|  |TAMS 0x00000000cd300000, 0x00000000cd300000| Untracked 
|  18|0x00000000cd400000, 0x00000000cd400000, 0x00000000cd500000|  0%| F|  |TAMS 0x00000000cd400000, 0x00000000cd400000| Untracked 
|  19|0x00000000cd500000, 0x00000000cd500000, 0x00000000cd600000|  0%| F|  |TAMS 0x00000000cd500000, 0x00000000cd500000| Untracked 
|  20|0x00000000cd600000, 0x00000000cd600000, 0x00000000cd700000|  0%| F|  |TAMS 0x00000000cd600000, 0x00000000cd600000| Untracked 
|  21|0x00000000cd700000, 0x00000000cd700000, 0x00000000cd800000|  0%| F|  |TAMS 0x00000000cd700000, 0x00000000cd700000| Untracked 
|  22|0x00000000cd800000, 0x00000000cd800000, 0x00000000cd900000|  0%| F|  |TAMS 0x00000000cd800000, 0x00000000cd800000| Untracked 
|  23|0x00000000cd900000, 0x00000000cd900000, 0x00000000cda00000|  0%| F|  |TAMS 0x00000000cd900000, 0x00000000cd900000| Untracked 
|  24|0x00000000cda00000, 0x00000000cda00000, 0x00000000cdb00000|  0%| F|  |TAMS 0x00000000cda00000, 0x00000000cda00000| Untracked 
|  25|0x00000000cdb00000, 0x00000000cdb00000, 0x00000000cdc00000|  0%| F|  |TAMS 0x00000000cdb00000, 0x00000000cdb00000| Untracked 
|  26|0x00000000cdc00000, 0x00000000cdc00000, 0x00000000cdd00000|  0%| F|  |TAMS 0x00000000cdc00000, 0x00000000cdc00000| Untracked 
|  27|0x00000000cdd00000, 0x00000000cdd00000, 0x00000000cde00000|  0%| F|  |TAMS 0x00000000cdd00000, 0x00000000cdd00000| Untracked 
|  28|0x00000000cde00000, 0x00000000cde00000, 0x00000000cdf00000|  0%| F|  |TAMS 0x00000000cde00000, 0x00000000cde00000| Untracked 
|  29|0x00000000cdf00000, 0x00000000cdf00000, 0x00000000ce000000|  0%| F|  |TAMS 0x00000000cdf00000, 0x00000000cdf00000| Untracked 
|  30|0x00000000ce000000, 0x00000000ce000000, 0x00000000ce100000|  0%| F|  |TAMS 0x00000000ce000000, 0x00000000ce000000| Untracked 
|  31|0x00000000ce100000, 0x00000000ce100000, 0x00000000ce200000|  0%| F|  |TAMS 0x00000000ce100000, 0x00000000ce100000| Untracked 
|  32|0x00000000ce200000, 0x00000000ce200000, 0x00000000ce300000|  0%| F|  |TAMS 0x00000000ce200000, 0x00000000ce200000| Untracked 
|  33|0x00000000ce300000, 0x00000000ce300000, 0x00000000ce400000|  0%| F|  |TAMS 0x00000000ce300000, 0x00000000ce300000| Untracked 
|  34|0x00000000ce400000, 0x00000000ce400000, 0x00000000ce500000|  0%| F|  |TAMS 0x00000000ce400000, 0x00000000ce400000| Untracked 
|  35|0x00000000ce500000, 0x00000000ce500000, 0x00000000ce600000|  0%| F|  |TAMS 0x00000000ce500000, 0x00000000ce500000| Untracked 
|  36|0x00000000ce600000, 0x00000000ce600000, 0x00000000ce700000|  0%| F|  |TAMS 0x00000000ce600000, 0x00000000ce600000| Untracked 
|  37|0x00000000ce700000, 0x00000000ce700000, 0x00000000ce800000|  0%| F|  |TAMS 0x00000000ce700000, 0x00000000ce700000| Untracked 
|  38|0x00000000ce800000, 0x00000000ce800000, 0x00000000ce900000|  0%| F|  |TAMS 0x00000000ce800000, 0x00000000ce800000| Untracked 
|  39|0x00000000ce900000, 0x00000000ce900000, 0x00000000cea00000|  0%| F|  |TAMS 0x00000000ce900000, 0x00000000ce900000| Untracked 
|  40|0x00000000cea00000, 0x00000000cea00000, 0x00000000ceb00000|  0%| F|  |TAMS 0x00000000cea00000, 0x00000000cea00000| Untracked 
|  41|0x00000000ceb00000, 0x00000000ceb00000, 0x00000000cec00000|  0%| F|  |TAMS 0x00000000ceb00000, 0x00000000ceb00000| Untracked 
|  42|0x00000000cec00000, 0x00000000cec00000, 0x00000000ced00000|  0%| F|  |TAMS 0x00000000cec00000, 0x00000000cec00000| Untracked 
|  43|0x00000000ced00000, 0x00000000ced00000, 0x00000000cee00000|  0%| F|  |TAMS 0x00000000ced00000, 0x00000000ced00000| Untracked 
|  44|0x00000000cee00000, 0x00000000cee00000, 0x00000000cef00000|  0%| F|  |TAMS 0x00000000cee00000, 0x00000000cee00000| Untracked 
|  45|0x00000000cef00000, 0x00000000cef72420, 0x00000000cf000000| 44%| S|CS|TAMS 0x00000000cef00000, 0x00000000cef00000| Complete 
|  46|0x00000000cf000000, 0x00000000cf05bc28, 0x00000000cf100000| 35%| E|  |TAMS 0x00000000cf000000, 0x00000000cf000000| Complete 
|  47|0x00000000cf100000, 0x00000000cf200000, 0x00000000cf200000|100%| E|CS|TAMS 0x00000000cf100000, 0x00000000cf100000| Complete 
|  48|0x00000000cf200000, 0x00000000cf300000, 0x00000000cf300000|100%| E|CS|TAMS 0x00000000cf200000, 0x00000000cf200000| Complete 
|  49|0x00000000cf300000, 0x00000000cf400000, 0x00000000cf400000|100%| E|CS|TAMS 0x00000000cf300000, 0x00000000cf300000| Complete 
|  50|0x00000000cf400000, 0x00000000cf500000, 0x00000000cf500000|100%| E|CS|TAMS 0x00000000cf400000, 0x00000000cf400000| Complete 
|  51|0x00000000cf500000, 0x00000000cf600000, 0x00000000cf600000|100%| E|CS|TAMS 0x00000000cf500000, 0x00000000cf500000| Complete 

Card table byte_map: [0x00000183b3c40000,0x00000183b3de0000] _byte_map_base: 0x00000183b35df000

Marking Bits (Prev, Next): (CMBitMap*) 0x00000183b3edb510, (CMBitMap*) 0x00000183b3edb4d8
 Prev Bits: [0x00000183cb410000, 0x00000183cc108000)
 Next Bits: [0x00000183ca710000, 0x00000183cb408000)

Polling page: 0x00000183b3670000

Metaspace:

Usage:
  Non-class:     18.86 MB capacity,    18.48 MB ( 98%) used,   311.24 KB (  2%) free+waste,    69.19 KB ( <1%) overhead. 
      Class:      2.56 MB capacity,     2.30 MB ( 90%) used,   226.67 KB (  9%) free+waste,    36.50 KB (  1%) overhead. 
       Both:     21.42 MB capacity,    20.79 MB ( 97%) used,   537.91 KB (  2%) free+waste,   105.69 KB ( <1%) overhead. 

Virtual space:
  Non-class space:       20.00 MB reserved,      19.00 MB ( 95%) committed 
      Class space:        1.00 GB reserved,       2.62 MB ( <1%) committed 
             Both:        1.02 GB reserved,      21.62 MB (  2%) committed 

Chunk freelists:
   Non-Class:  0 bytes
       Class:  0 bytes
        Both:  0 bytes

CodeHeap 'non-profiled nmethods': size=120064Kb used=862Kb max_used=862Kb free=119201Kb
 bounds [0x00000183c3030000, 0x00000183c32a0000, 0x00000183ca570000]
CodeHeap 'profiled nmethods': size=120000Kb used=3927Kb max_used=3927Kb free=116073Kb
 bounds [0x00000183bbb00000, 0x00000183bbee0000, 0x00000183c3030000]
CodeHeap 'non-nmethods': size=5696Kb used=1161Kb max_used=1178Kb free=4534Kb
 bounds [0x00000183bb570000, 0x00000183bb7e0000, 0x00000183bbb00000]
 total_blobs=2461 nmethods=1958 adapters=414
 compilation: enabled
              stopped_count=0, restarted_count=0
 full_count=0

Compilation events (10 events):
Event: 31.473 Thread 0x00000183ced0d800 nmethod 1916 0x00000183bbec1390 code [0x00000183bbec1540, 0x00000183bbec1688]
Event: 31.473 Thread 0x00000183ced0d800 1917       3       java.lang.invoke.MethodHandles$Lookup::getDirectMethodNoSecurityManager (18 bytes)
Event: 31.473 Thread 0x00000183ced0d800 nmethod 1917 0x00000183bbec1710 code [0x00000183bbec18c0, 0x00000183bbec1a08]
Event: 31.474 Thread 0x00000183ced0d800 1918       3       jdk.internal.misc.Unsafe::defineAnonymousClass (46 bytes)
Event: 31.474 Thread 0x00000183ced0d800 nmethod 1918 0x00000183bbec1b10 code [0x00000183bbec1d00, 0x00000183bbec2118]
Event: 31.475 Thread 0x00000183ced03000 1919       4       java.lang.invoke.MethodType::makeImpl (108 bytes)
Event: 31.476 Thread 0x00000183ced0d800 1920       3       java.util.stream.StreamOpFlag::fromCharacteristics (37 bytes)
Event: 31.476 Thread 0x00000183ced0d800 nmethod 1920 0x00000183bbec2290 code [0x00000183bbec2440, 0x00000183bbec2738]
Event: 31.476 Thread 0x00000183ced0d800 1921       3       java.util.stream.AbstractPipeline::<init> (55 bytes)
Event: 31.476 Thread 0x00000183ced0d800 nmethod 1921 0x00000183bbec2810 code [0x00000183bbec29c0, 0x00000183bbec2c98]

GC Heap History (10 events):
Event: 3.189 GC heap before
{Heap before GC invocations=1 (full 0):
 garbage-first heap   total 53248K, used 8320K [0x00000000cc200000, 0x0000000100000000)
  region size 1024K, 5 young (5120K), 1 survivors (1024K)
 Metaspace       used 6873K, capacity 6963K, committed 7040K, reserved 1056768K
  class space    used 592K, capacity 638K, committed 640K, reserved 1048576K
}
Event: 3.191 GC heap after
{Heap after GC invocations=2 (full 0):
 garbage-first heap   total 53248K, used 8396K [0x00000000cc200000, 0x0000000100000000)
  region size 1024K, 1 young (1024K), 1 survivors (1024K)
 Metaspace       used 6873K, capacity 6963K, committed 7040K, reserved 1056768K
  class space    used 592K, capacity 638K, committed 640K, reserved 1048576K
}
Event: 3.986 GC heap before
{Heap before GC invocations=2 (full 0):
 garbage-first heap   total 53248K, used 17612K [0x00000000cc200000, 0x0000000100000000)
  region size 1024K, 11 young (11264K), 1 survivors (1024K)
 Metaspace       used 9590K, capacity 9762K, committed 9984K, reserved 1058816K
  class space    used 898K, capacity 957K, committed 1024K, reserved 1048576K
}
Event: 3.990 GC heap after
{Heap after GC invocations=3 (full 0):
 garbage-first heap   total 53248K, used 10594K [0x00000000cc200000, 0x0000000100000000)
  region size 1024K, 2 young (2048K), 2 survivors (2048K)
 Metaspace       used 9590K, capacity 9762K, committed 9984K, reserved 1058816K
  class space    used 898K, capacity 957K, committed 1024K, reserved 1048576K
}
Event: 5.021 GC heap before
{Heap before GC invocations=3 (full 0):
 garbage-first heap   total 53248K, used 31074K [0x00000000cc200000, 0x0000000100000000)
  region size 1024K, 22 young (22528K), 2 survivors (2048K)
 Metaspace       used 13360K, capacity 13641K, committed 13824K, reserved 1060864K
  class space    used 1352K, capacity 1449K, committed 1536K, reserved 1048576K
}
Event: 5.027 GC heap after
{Heap after GC invocations=4 (full 0):
 garbage-first heap   total 53248K, used 11401K [0x00000000cc200000, 0x0000000100000000)
  region size 1024K, 2 young (2048K), 2 survivors (2048K)
 Metaspace       used 13360K, capacity 13641K, committed 13824K, reserved 1060864K
  class space    used 1352K, capacity 1449K, committed 1536K, reserved 1048576K
}
Event: 28.200 GC heap before
{Heap before GC invocations=4 (full 0):
 garbage-first heap   total 53248K, used 31881K [0x00000000cc200000, 0x0000000100000000)
  region size 1024K, 22 young (22528K), 2 survivors (2048K)
 Metaspace       used 19128K, capacity 19669K, committed 19712K, reserved 1067008K
  class space    used 2039K, capacity 2262K, committed 2304K, reserved 1048576K
}
Event: 28.237 GC heap after
{Heap after GC invocations=5 (full 0):
 garbage-first heap   total 53248K, used 13394K [0x00000000cc200000, 0x0000000100000000)
  region size 1024K, 3 young (3072K), 3 survivors (3072K)
 Metaspace       used 19128K, capacity 19669K, committed 19712K, reserved 1067008K
  class space    used 2039K, capacity 2262K, committed 2304K, reserved 1048576K
}
Event: 30.005 GC heap before
{Heap before GC invocations=5 (full 0):
 garbage-first heap   total 53248K, used 18514K [0x00000000cc200000, 0x0000000100000000)
  region size 1024K, 9 young (9216K), 3 survivors (3072K)
 Metaspace       used 20512K, capacity 21085K, committed 21248K, reserved 1069056K
  class space    used 2222K, capacity 2440K, committed 2560K, reserved 1048576K
}
Event: 30.036 GC heap after
{Heap after GC invocations=6 (full 0):
 garbage-first heap   total 53248K, used 13769K [0x00000000cc200000, 0x0000000100000000)
  region size 1024K, 1 young (1024K), 1 survivors (1024K)
 Metaspace       used 20512K, capacity 21085K, committed 21248K, reserved 1069056K
  class space    used 2222K, capacity 2440K, committed 2560K, reserved 1048576K
}

Deoptimization events (10 events):
Event: 4.756 Thread 0x00000183b3eb3800 Uncommon trap: reason=bimorphic_or_optimized_type_check action=maybe_recompile pc=0x00000183c306bf94 method=java.util.HashMap.putVal(ILjava/lang/Object;Ljava/lang/Object;ZZ)Ljava/lang/Object; @ 91 c2
Event: 5.269 Thread 0x00000183b3eb3800 Uncommon trap: reason=unstable_if action=reinterpret pc=0x00000183c308efb0 method=java.util.jar.JarFile.getVersionedEntry(Ljava/lang/String;Ljava/util/jar/JarEntry;)Ljava/util/jar/JarEntry; @ 7 c2
Event: 5.470 Thread 0x00000183b3eb3800 Uncommon trap: reason=unstable_if action=reinterpret pc=0x00000183c30a6480 method=java.lang.String.replace(CC)Ljava/lang/String; @ 2 c2
Event: 22.373 Thread 0x00000183b3eb3800 Uncommon trap: reason=unstable_if action=reinterpret pc=0x00000183c30b9b5c method=jdk.internal.org.objectweb.asm.Type.getArgumentsAndReturnSizes(Ljava/lang/String;)I @ 41 c2
Event: 25.749 Thread 0x00000183b3eb3800 Uncommon trap: reason=bimorphic_or_optimized_type_check action=maybe_recompile pc=0x00000183c307a7a0 method=java.util.HashMap.getNode(ILjava/lang/Object;)Ljava/util/HashMap$Node; @ 126 c2
Event: 25.805 Thread 0x00000183b3eb3800 Uncommon trap: reason=bimorphic_or_optimized_type_check action=maybe_recompile pc=0x00000183c307a7a0 method=java.util.HashMap.getNode(ILjava/lang/Object;)Ljava/util/HashMap$Node; @ 126 c2
Event: 25.805 Thread 0x00000183b3eb3800 Uncommon trap: reason=bimorphic_or_optimized_type_check action=maybe_recompile pc=0x00000183c307a7a0 method=java.util.HashMap.getNode(ILjava/lang/Object;)Ljava/util/HashMap$Node; @ 126 c2
Event: 25.807 Thread 0x00000183b3eb3800 Uncommon trap: reason=bimorphic_or_optimized_type_check action=maybe_recompile pc=0x00000183c306ce2c method=java.util.HashMap.getNode(ILjava/lang/Object;)Ljava/util/HashMap$Node; @ 126 c2
Event: 26.741 Thread 0x00000183b3eb3800 Uncommon trap: reason=unstable_if action=reinterpret pc=0x00000183c30d6484 method=java.lang.StringLatin1.regionMatchesCI([BI[BII)Z @ 66 c2
Event: 31.471 Thread 0x00000183b3eb3800 Uncommon trap: reason=unstable_if action=reinterpret pc=0x00000183c30f5e18 method=java.io.ByteArrayInputStream.read([BII)I @ 35 c2

Classes redefined (0 events):
No events

Internal exceptions (10 events):
Event: 28.407 Thread 0x00000183b3eb3800 Exception <a 'java/lang/NoSuchMethodError'{0x00000000cf324c08}: java.lang.invoke.DirectMethodHandle$Holder.invokeInterface(Ljava/lang/Object;Ljava/lang/Object;Ljava/lang/Object;)Ljava/lang/Object;> (0x00000000cf324c08) thrown at [./open/src/hotspot/share/
Event: 28.408 Thread 0x00000183b3eb3800 Exception <a 'java/lang/IncompatibleClassChangeError'{0x00000000cf327b90}: Found class java.lang.Object, but interface was expected> (0x00000000cf327b90) thrown at [./open/src/hotspot/share/interpreter/linkResolver.cpp, line 838]
Event: 28.415 Thread 0x00000183b3eb3800 Exception <a 'java/lang/NoSuchMethodError'{0x00000000cf32fb90}: java.lang.invoke.DirectMethodHandle$Holder.invokeSpecialIFC(Ljava/lang/Object;Ljava/lang/Object;Ljava/lang/Object;Ljava/lang/Object;)I> (0x00000000cf32fb90) thrown at [./open/src/hotspot/shar
Event: 28.736 Thread 0x00000183d0527000 Exception <a 'java/net/ConnectException'{0x00000000cf27c940}: Connection refused: connect> (0x00000000cf27c940) thrown at [./open/src/hotspot/share/prims/jni.cpp, line 632]
Event: 28.757 Thread 0x00000183d0527000 Exception <a 'java/net/ConnectException'{0x00000000cf27d920}: Connection refused: connect> (0x00000000cf27d920) thrown at [./open/src/hotspot/share/prims/jni.cpp, line 632]
Event: 28.794 Thread 0x00000183d0527000 Exception <a 'java/net/ConnectException'{0x00000000cf27e7b0}: Connection refused: connect> (0x00000000cf27e7b0) thrown at [./open/src/hotspot/share/prims/jni.cpp, line 632]
Event: 28.862 Thread 0x00000183d0527000 Exception <a 'java/net/ConnectException'{0x00000000cf27f640}: Connection refused: connect> (0x00000000cf27f640) thrown at [./open/src/hotspot/share/prims/jni.cpp, line 632]
Event: 28.949 Thread 0x00000183d0527000 Exception <a 'java/net/ConnectException'{0x00000000cf2804d0}: Connection refused: connect> (0x00000000cf2804d0) thrown at [./open/src/hotspot/share/prims/jni.cpp, line 632]
Event: 29.931 Thread 0x00000183b3eb3800 Exception <a 'java/lang/NoSuchMethodError'{0x00000000cf023f00}: java.lang.invoke.Invokers$Holder.linkToTargetMethod(Ljava/lang/Object;IILjava/lang/Object;)Ljava/lang/Object;> (0x00000000cf023f00) thrown at [./open/src/hotspot/share/interpreter/linkResolve
Event: 30.039 Thread 0x00000183b3eb3800 Exception <a 'java/lang/NoSuchMethodError'{0x00000000cf500b28}: java.lang.invoke.DirectMethodHandle$Holder.invokeStatic(Ljava/lang/Object;Ljava/lang/Object;I)V> (0x00000000cf500b28) thrown at [./open/src/hotspot/share/interpreter/linkResolver.cpp, line 77

Events (10 events):
Event: 31.550 loading class com/google/common/collect/Sets$SetView
Event: 31.550 loading class com/google/common/collect/Sets$SetView done
Event: 31.561 loading class com/google/common/collect/Sets$2
Event: 31.561 loading class com/google/common/collect/Sets$2 done
Event: 31.573 loading class com/google/common/collect/Sets$3
Event: 31.573 loading class com/google/common/collect/Sets$3 done
Event: 31.594 loading class com/google/common/collect/Sets$1
Event: 31.594 loading class com/google/common/collect/Sets$1 done
Event: 31.595 loading class com/google/common/collect/ImmutableEnumSet
Event: 31.595 loading class com/google/common/collect/ImmutableEnumSet done


Dynamic libraries:
0x00007ff7adbb0000 - 0x00007ff7adbc0000 	C:\Program Files\Java\jdk-11\bin\java.exe
0x00007ffae33d0000 - 0x00007ffae35e7000 	C:\WINDOWS\SYSTEM32\ntdll.dll
0x00007ffae16d0000 - 0x00007ffae1794000 	C:\WINDOWS\System32\KERNEL32.DLL
0x00007ffae0d80000 - 0x00007ffae1126000 	C:\WINDOWS\System32\KERNELBASE.dll
0x00007ffae0780000 - 0x00007ffae0891000 	C:\WINDOWS\System32\ucrtbase.dll
0x00007ffad4b60000 - 0x00007ffad4b79000 	C:\Program Files\Java\jdk-11\bin\jli.dll
0x00007ffae2170000 - 0x00007ffae2220000 	C:\WINDOWS\System32\ADVAPI32.dll
0x00007ffae1dc0000 - 0x00007ffae1e67000 	C:\WINDOWS\System32\msvcrt.dll
0x00007ffae2a10000 - 0x00007ffae2ab6000 	C:\WINDOWS\System32\sechost.dll
0x00007ffae1e80000 - 0x00007ffae1f97000 	C:\WINDOWS\System32\RPCRT4.dll
0x00007ffae1520000 - 0x00007ffae16cd000 	C:\WINDOWS\System32\USER32.dll
0x00007ffae0750000 - 0x00007ffae0776000 	C:\WINDOWS\System32\win32u.dll
0x00007ffae1330000 - 0x00007ffae1359000 	C:\WINDOWS\System32\GDI32.dll
0x00007ffae0c60000 - 0x00007ffae0d78000 	C:\WINDOWS\System32\gdi32full.dll
0x00007ffae08a0000 - 0x00007ffae093a000 	C:\WINDOWS\System32\msvcp_win.dll
0x00007ffad6390000 - 0x00007ffad639a000 	C:\WINDOWS\SYSTEM32\VERSION.dll
0x00007ffac4e60000 - 0x00007ffac50f3000 	C:\WINDOWS\WinSxS\amd64_microsoft.windows.common-controls_6595b64144ccf1df_6.0.22621.2361_none_2712ced57382f843\COMCTL32.dll
0x00007ffad4650000 - 0x00007ffad466b000 	C:\Program Files\Java\jdk-11\bin\VCRUNTIME140.dll
0x00007ffae20d0000 - 0x00007ffae2101000 	C:\WINDOWS\System32\IMM32.DLL
0x00007ffad9ff0000 - 0x00007ffad9ffc000 	C:\Program Files\Java\jdk-11\bin\vcruntime140_1.dll
0x00007ffad0700000 - 0x00007ffad078e000 	C:\Program Files\Java\jdk-11\bin\msvcp140.dll
0x00007ffa6b230000 - 0x00007ffa6bd9c000 	C:\Program Files\Java\jdk-11\bin\server\jvm.dll
0x00007ffae1e70000 - 0x00007ffae1e78000 	C:\WINDOWS\System32\PSAPI.DLL
0x00007ffab9fc0000 - 0x00007ffab9fc9000 	C:\WINDOWS\SYSTEM32\WSOCK32.dll
0x00007ffae24b0000 - 0x00007ffae2521000 	C:\WINDOWS\System32\WS2_32.dll
0x00007ffad9480000 - 0x00007ffad94b4000 	C:\WINDOWS\SYSTEM32\WINMM.dll
0x00007ffadf770000 - 0x00007ffadf788000 	C:\WINDOWS\SYSTEM32\kernel.appcore.dll
0x00007ffad9fd0000 - 0x00007ffad9fe0000 	C:\Program Files\Java\jdk-11\bin\verify.dll
0x00007ffade410000 - 0x00007ffade63e000 	C:\WINDOWS\SYSTEM32\DBGHELP.DLL
0x00007ffae2680000 - 0x00007ffae2a0a000 	C:\WINDOWS\System32\combase.dll
0x00007ffae2320000 - 0x00007ffae23f7000 	C:\WINDOWS\System32\OLEAUT32.dll
0x00007ffad5750000 - 0x00007ffad5782000 	C:\WINDOWS\SYSTEM32\dbgcore.DLL
0x00007ffae0b20000 - 0x00007ffae0b9a000 	C:\WINDOWS\System32\bcryptPrimitives.dll
0x00007ffad2180000 - 0x00007ffad21a8000 	C:\Program Files\Java\jdk-11\bin\java.dll
0x00007ffad9590000 - 0x00007ffad959a000 	C:\Program Files\Java\jdk-11\bin\jimage.dll
0x00007ffad9290000 - 0x00007ffad929e000 	C:\Program Files\Java\jdk-11\bin\instrument.dll
0x00007ffad2110000 - 0x00007ffad2127000 	C:\Program Files\Java\jdk-11\bin\zip.dll
0x00007ffae2b10000 - 0x00007ffae3368000 	C:\WINDOWS\System32\SHELL32.dll
0x00007ffade660000 - 0x00007ffadef52000 	C:\WINDOWS\SYSTEM32\windows.storage.dll
0x00007ffade220000 - 0x00007ffade35e000 	C:\WINDOWS\SYSTEM32\wintypes.dll
0x00007ffae2220000 - 0x00007ffae2313000 	C:\WINDOWS\System32\SHCORE.dll
0x00007ffae2110000 - 0x00007ffae216e000 	C:\WINDOWS\System32\shlwapi.dll
0x00007ffae0680000 - 0x00007ffae06a6000 	C:\WINDOWS\SYSTEM32\profapi.dll
0x00007ffad2090000 - 0x00007ffad20a9000 	C:\Program Files\Java\jdk-11\bin\net.dll
0x00007ffada670000 - 0x00007ffada7a7000 	C:\WINDOWS\SYSTEM32\WINHTTP.dll
0x00007ffadfc10000 - 0x00007ffadfc79000 	C:\WINDOWS\system32\mswsock.dll
0x00007ffad2070000 - 0x00007ffad2082000 	C:\Program Files\Java\jdk-11\bin\nio.dll
0x00007ffac2bd0000 - 0x00007ffac2bea000 	C:\Program Files\JetBrains\IntelliJ IDEA Community Edition 2023.1.1\bin\breakgen64.dll
0x00007ffadfe60000 - 0x00007ffadfe7b000 	C:\WINDOWS\SYSTEM32\CRYPTSP.dll
0x00007ffadf6d0000 - 0x00007ffadf705000 	C:\WINDOWS\system32\rsaenh.dll
0x00007ffadfd00000 - 0x00007ffadfd2c000 	C:\WINDOWS\SYSTEM32\USERENV.dll
0x00007ffae0110000 - 0x00007ffae0138000 	C:\WINDOWS\SYSTEM32\bcrypt.dll
0x00007ffadfef0000 - 0x00007ffadfefc000 	C:\WINDOWS\SYSTEM32\CRYPTBASE.dll
0x00007ffadf1c0000 - 0x00007ffadf1ed000 	C:\WINDOWS\SYSTEM32\IPHLPAPI.DLL
0x00007ffae20b0000 - 0x00007ffae20b9000 	C:\WINDOWS\System32\NSI.dll
0x00007ffad93b0000 - 0x00007ffad93c9000 	C:\WINDOWS\SYSTEM32\dhcpcsvc6.DLL
0x00007ffad92a0000 - 0x00007ffad92bf000 	C:\WINDOWS\SYSTEM32\dhcpcsvc.DLL
0x00007ffadf230000 - 0x00007ffadf329000 	C:\WINDOWS\SYSTEM32\DNSAPI.dll
0x00007ffad8e30000 - 0x00007ffad8e3a000 	C:\Windows\System32\rasadhlp.dll
0x00007ffad8d20000 - 0x00007ffad8da4000 	C:\WINDOWS\System32\fwpuclnt.dll
0x00007ffadd460000 - 0x00007ffadd4f7000 	C:\WINDOWS\system32\apphelp.dll
0x00007ffad0840000 - 0x00007ffad0867000 	C:\Program Files\Java\jdk-11\bin\sunec.dll

dbghelp: loaded successfully - version: 4.0.5 - missing functions: none
symbol engine: initialized successfully - sym options: 0x614 - pdb path: .;C:\Program Files\Java\jdk-11\bin;C:\WINDOWS\SYSTEM32;C:\WINDOWS\WinSxS\amd64_microsoft.windows.common-controls_6595b64144ccf1df_6.0.22621.2361_none_2712ced57382f843;C:\Program Files\Java\jdk-11\bin\server;C:\Program Files\JetBrains\IntelliJ IDEA Community Edition 2023.1.1\bin

VM Arguments:
jvm_args: -ea -Didea.test.cyclic.buffer.size=1048576 -javaagent:C:\Program Files\JetBrains\IntelliJ IDEA Community Edition 2023.1.1\lib\idea_rt.jar=52452:C:\Program Files\JetBrains\IntelliJ IDEA Community Edition 2023.1.1\bin -Dfile.encoding=UTF-8 
java_command: com.intellij.rt.testng.RemoteTestNGStarter -usedefaultlisteners false -socket52451 @w@C:\Users\chava\AppData\Local\Temp\idea_working_dirs_testng.tmp -temp C:\Users\chava\AppData\Local\Temp\idea_testng.tmp
java_class_path (initial): C:\Program Files\JetBrains\IntelliJ IDEA Community Edition 2023.1.1\lib\idea_rt.jar;C:\Program Files\JetBrains\IntelliJ IDEA Community Edition 2023.1.1\plugins\testng\lib\testng-rt.jar;C:\Users\chava\Desktop\Selenium\TutorialsNinja\target\test-classes;C:\Users\chava\Desktop\Selenium\TutorialsNinja\target\classes;C:\Users\chava\.m2\repository\io\cucumber\cucumber-java\6.9.1\cucumber-java-6.9.1.jar;C:\Users\chava\.m2\repository\org\apiguardian\apiguardian-api\1.1.0\apiguardian-api-1.1.0.jar;C:\Users\chava\.m2\repository\com\aventstack\extentreports\5.1.0\extentreports-5.1.0.jar;C:\Users\chava\.m2\repository\io\reactivex\rxjava3\rxjava\3.1.6\rxjava-3.1.6.jar;C:\Users\chava\.m2\repository\org\reactivestreams\reactive-streams\1.0.4\reactive-streams-1.0.4.jar;C:\Users\chava\.m2\repository\org\freemarker\freemarker\2.3.32\freemarker-2.3.32.jar;C:\Users\chava\.m2\repository\com\google\code\gson\gson\2.10.1\gson-2.10.1.jar;C:\Users\chava\.m2\repository\tech\grasshopper\extentreports-cucumber7-adapter\1.13.0\extentreports-cucumber7-adapter-1.13.0.jar;C:\Users\chava\.m2\repository\tech\grasshopper\extent-pdf-report\2.11.0\extent-pdf-report-2.11.0.jar;C:\Users\chava\.m2\repository\tech\grasshopper\cucumber-pdf-report\2.13.0\cucumber-pdf-report-2.13.0.jar;C:\Users\chava\.m2\repository\org\apache\pdfbox\pdfbox\2.0.26\pdfbox-2.0.26.jar;C:\Users\chava\.m2\repository\org\apache\pdfbox\fontbox\2.0.26\fontbox-2.0.26.jar;C:\Users\chava\.m2\repository\org\knowm\xchart\xchart\3.8.0\xchart-3.8.0.jar;C:\Users\chava\.m2\repository\de\erichseifert\vectorgraphics2d\VectorGraphics2D\0.13\VectorGraphics2D-0.13.jar;C:\Users\chava\.m2\repository\de\rototor\pdfbox\graphics2d\0.30\graphics2d-0.30.jar;C:\Users\chava\.m2\repository\com\madgag\animated-gif-lib\1.4\animated-gif-lib-1.4.jar;C:\Users\chava\.m2\repository\tech\grasshopper\table-layout\1.5.1\table-layout-1.5.1.jar;C:\Users\chava\.m2\repository\tech\grasshopper\rest-assured-cucumber-pdf-report\1.4.1\rest-assured
Launcher Type: SUN_STANDARD

[Global flags]
     intx CICompilerCount                          = 2                                         {product} {ergonomic}
     uint ConcGCThreads                            = 1                                         {product} {ergonomic}
     uint G1ConcRefinementThreads                  = 2                                         {product} {ergonomic}
   size_t G1HeapRegionSize                         = 1048576                                   {product} {ergonomic}
    uintx GCDrainStackTargetSize                   = 64                                        {product} {ergonomic}
   size_t InitialHeapSize                          = 54525952                                  {product} {ergonomic}
   size_t MarkStackSize                            = 4194304                                   {product} {ergonomic}
   size_t MaxHeapSize                              = 870318080                                 {product} {ergonomic}
   size_t MaxNewSize                               = 522190848                                 {product} {ergonomic}
   size_t MinHeapDeltaBytes                        = 1048576                                   {product} {ergonomic}
    uintx NonNMethodCodeHeapSize                   = 5825164                                {pd product} {ergonomic}
    uintx NonProfiledCodeHeapSize                  = 122916538                              {pd product} {ergonomic}
    uintx ProfiledCodeHeapSize                     = 122916538                              {pd product} {ergonomic}
    uintx ReservedCodeCacheSize                    = 251658240                              {pd product} {ergonomic}
     bool SegmentedCodeCache                       = true                                      {product} {ergonomic}
     bool UseCompressedClassPointers               = true                                 {lp64_product} {ergonomic}
     bool UseCompressedOops                        = true                                 {lp64_product} {ergonomic}
     bool UseG1GC                                  = true                                      {product} {ergonomic}
     bool UseLargePagesIndividualAllocation        = false                                  {pd product} {ergonomic}

Logging:
Log output configuration:
 #0: stdout all=warning uptime,level,tags
 #1: stderr all=off uptime,level,tags

Environment Variables:
JAVA_HOME=C:\Program Files\Java\jdk-11
PATH=C:\Program Files\Common Files\Oracle\Java\javapath;C:\WINDOWS\system32;C:\WINDOWS;C:\WINDOWS\System32\Wbem;C:\WINDOWS\System32\WindowsPowerShell\v1.0\;C:\WINDOWS\System32\OpenSSH\;C:\Program Files\Java\jdk-11\bin;C:\Program Files\Git\cmd;C:\Program Files\apache-maven-3.9.4\bin;C:\Program Files\Docker\Docker\resources\bin;C:\Program Files\nodejs\;C:\Users\chava\AppData\Local\Microsoft\WindowsApps;C:\Program Files\Java\jdk-17.0.5\bin;C:\Users\chava\AppData\Roaming\npm
USERNAME=chava
OS=Windows_NT
PROCESSOR_IDENTIFIER=AMD64 Family 23 Model 160 Stepping 0, AuthenticAMD



---------------  S Y S T E M  ---------------

OS: Windows 11 , 64 bit Build 22621 (10.0.22621.2428)
Hyper-V role detected

CPU:total 2 (initial active 2) (2 cores per cpu, 1 threads per core) family 23 model 160 stepping 0 microcode 0x0, cmov, cx8, fxsr, mmx, sse, sse2, sse3, ssse3, sse4.1, sse4.2, popcnt, avx, avx2, aes, clmul, mmxext, 3dnowpref, lzcnt, sse4a, tsc, tscinvbit, tscinv, bmi1, bmi2, adx, sha,

Memory: 4k page, system-wide physical 3317M (365M free)
TotalPageFile size 13557M (AvailPageFile size 4M)
current process WorkingSet (physical memory assigned to process): 80M, peak: 93M
current process commit charge ("private bytes"): 155M, peak: 156M

vm_info: Java HotSpot(TM) 64-Bit Server VM (11.0.19+9-LTS-224) for windows-amd64 JRE (11.0.19+9-LTS-224), built on Mar 27 2023 08:48:55 by "mach5one" with MS VC++ 17.1 (VS2022)

END.
