#
# There is insufficient memory for the Java Runtime Environment to continue.
# Native memory allocation (malloc) failed to allocate 736336 bytes for Chunk::new
# Possible reasons:
#   The system is out of physical RAM or swap space
#   The process is running with CompressedOops enabled, and the Java Heap may be blocking the growth of the native heap
# Possible solutions:
#   Reduce memory load on the system
#   Increase physical memory or swap space
#   Check if swap backing store is full
#   Decrease Java heap size (-Xmx/-Xms)
#   Decrease number of Java threads
#   Decrease Java thread stack sizes (-Xss)
#   Set larger code cache with -XX:ReservedCodeCacheSize=
#   JVM is running with Unscaled Compressed Oops mode in which the Java heap is
#     placed in the first 4GB address space. The Java Heap base address is the
#     maximum limit for the native heap growth. Please use -XX:HeapBaseMinAddress
#     to set the Java Heap base and to place the Java Heap above 4GB virtual address.
# This output file may be truncated or incomplete.
#
#  Out of Memory Error (./open/src/hotspot/share/memory/arena.cpp:197), pid=11908, tid=14676
#
# JRE version: Java(TM) SE Runtime Environment 18.9 (11.0.19+9) (build 11.0.19+9-LTS-224)
# Java VM: Java HotSpot(TM) 64-Bit Server VM 18.9 (11.0.19+9-LTS-224, mixed mode, tiered, compressed oops, g1 gc, windows-amd64)
# No core dump will be written. Minidumps are not enabled by default on client versions of Windows
#

---------------  S U M M A R Y ------------

Command Line: -ea -Didea.test.cyclic.buffer.size=1048576 -javaagent:C:\Program Files\JetBrains\IntelliJ IDEA Community Edition 2023.1.1\lib\idea_rt.jar=52670:C:\Program Files\JetBrains\IntelliJ IDEA Community Edition 2023.1.1\bin -Dfile.encoding=UTF-8 com.intellij.rt.testng.RemoteTestNGStarter -usedefaultlisteners false -socket52669 @w@C:\Users\chava\AppData\Local\Temp\idea_working_dirs_testng.tmp -temp C:\Users\chava\AppData\Local\Temp\idea_testng.tmp

Host: AMD Athlon Silver 7120U with Radeon Graphics   , 2 cores, 3G,  Windows 11 , 64 bit Build 22621 (10.0.22621.2428)
Time: Sat Oct 28 15:27:59 2023 India Standard Time elapsed time: 9.074935 seconds (0d 0h 0m 9s)

---------------  T H R E A D  ---------------

Current thread (0x000002e4cafc1000):  JavaThread "C2 CompilerThread0" daemon [_thread_in_native, id=14676, stack(0x000000ec53500000,0x000000ec53600000)]


Current CompileTask:
C2:   9074 1872       4       java.lang.invoke.LambdaForm$Name::replaceNames (174 bytes)

Stack: [0x000000ec53500000,0x000000ec53600000]
Native frames: (J=compiled Java code, j=interpreted, Vv=VM code, C=native code)
V  [jvm.dll+0x65fe1a]
V  [jvm.dll+0x7a2bbf]
V  [jvm.dll+0x7a4289]
V  [jvm.dll+0x7a4923]
V  [jvm.dll+0x258a25]
V  [jvm.dll+0xb29cc]
V  [jvm.dll+0xb2f8c]
V  [jvm.dll+0x3670df]
V  [jvm.dll+0x1a25f4]
V  [jvm.dll+0x21187d]
V  [jvm.dll+0x2106f8]
V  [jvm.dll+0x18c841]
V  [jvm.dll+0x220989]
V  [jvm.dll+0x21ecac]
V  [jvm.dll+0x766921]
V  [jvm.dll+0x75f2e4]
V  [jvm.dll+0x65ecc5]
C  [ucrtbase.dll+0x29363]
C  [KERNEL32.DLL+0x1257d]
C  [ntdll.dll+0x5aa78]


---------------  P R O C E S S  ---------------

Threads class SMR info:
_java_thread_list=0x000002e4cbc519f0, length=16, elements={
0x000002e4b0174000, 0x000002e4caf5d000, 0x000002e4caf66800, 0x000002e4cafba800,
0x000002e4cafbb800, 0x000002e4cafbc800, 0x000002e4cafc1000, 0x000002e4cb126000,
0x000002e4cb129000, 0x000002e4b022a000, 0x000002e4cb5a5800, 0x000002e4cc285000,
0x000002e4cc00b000, 0x000002e4cc2e5800, 0x000002e4cc2e6000, 0x000002e4cc872000
}

Java Threads: ( => current thread )
  0x000002e4b0174000 JavaThread "main" [_thread_in_Java, id=17308, stack(0x000000ec52900000,0x000000ec52a00000)]
  0x000002e4caf5d000 JavaThread "Reference Handler" daemon [_thread_blocked, id=8760, stack(0x000000ec53000000,0x000000ec53100000)]
  0x000002e4caf66800 JavaThread "Finalizer" daemon [_thread_blocked, id=17684, stack(0x000000ec53100000,0x000000ec53200000)]
  0x000002e4cafba800 JavaThread "Signal Dispatcher" daemon [_thread_blocked, id=21912, stack(0x000000ec53200000,0x000000ec53300000)]
  0x000002e4cafbb800 JavaThread "Attach Listener" daemon [_thread_blocked, id=9756, stack(0x000000ec53300000,0x000000ec53400000)]
  0x000002e4cafbc800 JavaThread "Service Thread" daemon [_thread_blocked, id=20004, stack(0x000000ec53400000,0x000000ec53500000)]
=>0x000002e4cafc1000 JavaThread "C2 CompilerThread0" daemon [_thread_in_native, id=14676, stack(0x000000ec53500000,0x000000ec53600000)]
  0x000002e4cb126000 JavaThread "C1 CompilerThread0" daemon [_thread_blocked, id=6396, stack(0x000000ec53600000,0x000000ec53700000)]
  0x000002e4cb129000 JavaThread "Sweeper thread" daemon [_thread_blocked, id=1288, stack(0x000000ec53700000,0x000000ec53800000)]
  0x000002e4b022a000 JavaThread "Common-Cleaner" daemon [_thread_blocked, id=6344, stack(0x000000ec53800000,0x000000ec53900000)]
  0x000002e4cb5a5800 JavaThread "Monitor Ctrl-Break" daemon [_thread_in_native, id=22352, stack(0x000000ec53900000,0x000000ec53a00000)]
  0x000002e4cc285000 JavaThread "ForkJoinPool.commonPool-worker-3" daemon [_thread_blocked, id=13452, stack(0x000000ec53c00000,0x000000ec53d00000)]
  0x000002e4cc00b000 JavaThread "HttpClient-1-SelectorManager" daemon [_thread_in_native, id=16624, stack(0x000000ec53d00000,0x000000ec53e00000)]
  0x000002e4cc2e5800 JavaThread "Driver Service Executor" daemon [_thread_blocked, id=4572, stack(0x000000ec54100000,0x000000ec54200000)]
  0x000002e4cc2e6000 JavaThread "Driver Service Executor" daemon [_thread_blocked, id=16860, stack(0x000000ec54200000,0x000000ec54300000)]
  0x000002e4cc872000 JavaThread "UrlChecker-2" daemon [_thread_blocked, id=17648, stack(0x000000ec54300000,0x000000ec54400000)]

Other Threads:
  0x000002e4caf35000 VMThread "VM Thread" [stack: 0x000000ec52f00000,0x000000ec53000000] [id=20712]
  0x000002e4cb5a6000 WatcherThread [stack: 0x000000ec53a00000,0x000000ec53b00000] [id=14504]
  0x000002e4b0188800 GCTaskThread "GC Thread#0" [stack: 0x000000ec52a00000,0x000000ec52b00000] [id=1252]
  0x000002e4cb602800 GCTaskThread "GC Thread#1" [stack: 0x000000ec53b00000,0x000000ec53c00000] [id=13352]
  0x000002e4b019f800 ConcurrentGCThread "G1 Main Marker" [stack: 0x000000ec52b00000,0x000000ec52c00000] [id=20232]
  0x000002e4b01a1000 ConcurrentGCThread "G1 Conc#0" [stack: 0x000000ec52c00000,0x000000ec52d00000] [id=4988]
  0x000002e4b01df000 ConcurrentGCThread "G1 Refine#0" [stack: 0x000000ec52d00000,0x000000ec52e00000] [id=21648]
  0x000002e4b01e0000 ConcurrentGCThread "G1 Young RemSet Sampling" [stack: 0x000000ec52e00000,0x000000ec52f00000] [id=13896]

Threads with active compile tasks:
C2 CompilerThread0     9107 1872       4       java.lang.invoke.LambdaForm$Name::replaceNames (174 bytes)

VM state:not at safepoint (normal execution)

VM Mutex/Monitor currently owned by a thread: None

Heap address: 0x00000000cc200000, size: 830 MB, Compressed Oops mode: 32-bit
Narrow klass base: 0x0000000000000000, Narrow klass shift: 3
Compressed class space size: 1073741824 Address: 0x0000000100000000

Heap:
 garbage-first heap   total 53248K, used 13673K [0x00000000cc200000, 0x0000000100000000)
  region size 1024K, 2 young (2048K), 1 survivors (1024K)
 Metaspace       used 20662K, capacity 21315K, committed 21552K, reserved 1069056K
  class space    used 2259K, capacity 2539K, committed 2560K, reserved 1048576K
Heap Regions: E=young(eden), S=young(survivor), O=old, HS=humongous(starts), HC=humongous(continues), CS=collection set, F=free, A=archive, TAMS=top-at-mark-start (previous, next)
|   0|0x00000000cc200000, 0x00000000cc300000, 0x00000000cc300000|100%| O|  |TAMS 0x00000000cc300000, 0x00000000cc200000| Untracked 
|   1|0x00000000cc300000, 0x00000000cc400000, 0x00000000cc400000|100%| O|  |TAMS 0x00000000cc400000, 0x00000000cc300000| Untracked 
|   2|0x00000000cc400000, 0x00000000cc500000, 0x00000000cc500000|100%| O|  |TAMS 0x00000000cc500000, 0x00000000cc400000| Untracked 
|   3|0x00000000cc500000, 0x00000000cc600000, 0x00000000cc600000|100%| O|  |TAMS 0x00000000cc600000, 0x00000000cc500000| Untracked 
|   4|0x00000000cc600000, 0x00000000cc700000, 0x00000000cc700000|100%| O|  |TAMS 0x00000000cc700000, 0x00000000cc600000| Untracked 
|   5|0x00000000cc700000, 0x00000000cc800000, 0x00000000cc800000|100%| O|  |TAMS 0x00000000cc800000, 0x00000000cc700000| Untracked 
|   6|0x00000000cc800000, 0x00000000cc900000, 0x00000000cc900000|100%| O|  |TAMS 0x00000000cc900000, 0x00000000cc800000| Untracked 
|   7|0x00000000cc900000, 0x00000000cca00000, 0x00000000cca00000|100%| O|  |TAMS 0x00000000cca00000, 0x00000000cc900000| Untracked 
|   8|0x00000000cca00000, 0x00000000ccb00000, 0x00000000ccb00000|100%| O|  |TAMS 0x00000000ccb00000, 0x00000000cca00000| Untracked 
|   9|0x00000000ccb00000, 0x00000000ccc00000, 0x00000000ccc00000|100%| O|  |TAMS 0x00000000ccc00000, 0x00000000ccb00000| Untracked 
|  10|0x00000000ccc00000, 0x00000000ccd00000, 0x00000000ccd00000|100%| O|  |TAMS 0x00000000ccd00000, 0x00000000ccc00000| Untracked 
|  11|0x00000000ccd00000, 0x00000000cce00000, 0x00000000cce00000|100%| O|  |TAMS 0x00000000cce00000, 0x00000000ccd00000| Untracked 
|  12|0x00000000cce00000, 0x00000000cceec000, 0x00000000ccf00000| 92%| O|  |TAMS 0x00000000cceec000, 0x00000000cce00000| Untracked 
|  13|0x00000000ccf00000, 0x00000000ccf00000, 0x00000000cd000000|  0%| F|  |TAMS 0x00000000ccf00000, 0x00000000ccf00000| Untracked 
|  14|0x00000000cd000000, 0x00000000cd000000, 0x00000000cd100000|  0%| F|  |TAMS 0x00000000cd000000, 0x00000000cd000000| Untracked 
|  15|0x00000000cd100000, 0x00000000cd100000, 0x00000000cd200000|  0%| F|  |TAMS 0x00000000cd100000, 0x00000000cd100000| Untracked 
|  16|0x00000000cd200000, 0x00000000cd200000, 0x00000000cd300000|  0%| F|  |TAMS 0x00000000cd200000, 0x00000000cd200000| Untracked 
|  17|0x00000000cd300000, 0x00000000cd300000, 0x00000000cd400000|  0%| F|  |TAMS 0x00000000cd300000, 0x00000000cd300000| Untracked 
|  18|0x00000000cd400000, 0x00000000cd400000, 0x00000000cd500000|  0%| F|  |TAMS 0x00000000cd400000, 0x00000000cd400000| Untracked 
|  19|0x00000000cd500000, 0x00000000cd500000, 0x00000000cd600000|  0%| F|  |TAMS 0x00000000cd500000, 0x00000000cd500000| Untracked 
|  20|0x00000000cd600000, 0x00000000cd600000, 0x00000000cd700000|  0%| F|  |TAMS 0x00000000cd600000, 0x00000000cd600000| Untracked 
|  21|0x00000000cd700000, 0x00000000cd700000, 0x00000000cd800000|  0%| F|  |TAMS 0x00000000cd700000, 0x00000000cd700000| Untracked 
|  22|0x00000000cd800000, 0x00000000cd800000, 0x00000000cd900000|  0%| F|  |TAMS 0x00000000cd800000, 0x00000000cd800000| Untracked 
|  23|0x00000000cd900000, 0x00000000cd900000, 0x00000000cda00000|  0%| F|  |TAMS 0x00000000cd900000, 0x00000000cd900000| Untracked 
|  24|0x00000000cda00000, 0x00000000cda00000, 0x00000000cdb00000|  0%| F|  |TAMS 0x00000000cda00000, 0x00000000cda00000| Untracked 
|  25|0x00000000cdb00000, 0x00000000cdb00000, 0x00000000cdc00000|  0%| F|  |TAMS 0x00000000cdb00000, 0x00000000cdb00000| Untracked 
|  26|0x00000000cdc00000, 0x00000000cdc00000, 0x00000000cdd00000|  0%| F|  |TAMS 0x00000000cdc00000, 0x00000000cdc00000| Untracked 
|  27|0x00000000cdd00000, 0x00000000cdd00000, 0x00000000cde00000|  0%| F|  |TAMS 0x00000000cdd00000, 0x00000000cdd00000| Untracked 
|  28|0x00000000cde00000, 0x00000000cde00000, 0x00000000cdf00000|  0%| F|  |TAMS 0x00000000cde00000, 0x00000000cde00000| Untracked 
|  29|0x00000000cdf00000, 0x00000000cdf00000, 0x00000000ce000000|  0%| F|  |TAMS 0x00000000cdf00000, 0x00000000cdf00000| Untracked 
|  30|0x00000000ce000000, 0x00000000ce000000, 0x00000000ce100000|  0%| F|  |TAMS 0x00000000ce000000, 0x00000000ce000000| Untracked 
|  31|0x00000000ce100000, 0x00000000ce100000, 0x00000000ce200000|  0%| F|  |TAMS 0x00000000ce100000, 0x00000000ce100000| Untracked 
|  32|0x00000000ce200000, 0x00000000ce200000, 0x00000000ce300000|  0%| F|  |TAMS 0x00000000ce200000, 0x00000000ce200000| Untracked 
|  33|0x00000000ce300000, 0x00000000ce300000, 0x00000000ce400000|  0%| F|  |TAMS 0x00000000ce300000, 0x00000000ce300000| Untracked 
|  34|0x00000000ce400000, 0x00000000ce400000, 0x00000000ce500000|  0%| F|  |TAMS 0x00000000ce400000, 0x00000000ce400000| Untracked 
|  35|0x00000000ce500000, 0x00000000ce500000, 0x00000000ce600000|  0%| F|  |TAMS 0x00000000ce500000, 0x00000000ce500000| Untracked 
|  36|0x00000000ce600000, 0x00000000ce600000, 0x00000000ce700000|  0%| F|  |TAMS 0x00000000ce600000, 0x00000000ce600000| Untracked 
|  37|0x00000000ce700000, 0x00000000ce700000, 0x00000000ce800000|  0%| F|  |TAMS 0x00000000ce700000, 0x00000000ce700000| Untracked 
|  38|0x00000000ce800000, 0x00000000ce800000, 0x00000000ce900000|  0%| F|  |TAMS 0x00000000ce800000, 0x00000000ce800000| Untracked 
|  39|0x00000000ce900000, 0x00000000ce900000, 0x00000000cea00000|  0%| F|  |TAMS 0x00000000ce900000, 0x00000000ce900000| Untracked 
|  40|0x00000000cea00000, 0x00000000cea00000, 0x00000000ceb00000|  0%| F|  |TAMS 0x00000000cea00000, 0x00000000cea00000| Untracked 
|  41|0x00000000ceb00000, 0x00000000ceb00000, 0x00000000cec00000|  0%| F|  |TAMS 0x00000000ceb00000, 0x00000000ceb00000| Untracked 
|  42|0x00000000cec00000, 0x00000000cec00000, 0x00000000ced00000|  0%| F|  |TAMS 0x00000000cec00000, 0x00000000cec00000| Untracked 
|  43|0x00000000ced00000, 0x00000000ced00000, 0x00000000cee00000|  0%| F|  |TAMS 0x00000000ced00000, 0x00000000ced00000| Untracked 
|  44|0x00000000cee00000, 0x00000000cee00000, 0x00000000cef00000|  0%| F|  |TAMS 0x00000000cee00000, 0x00000000cee00000| Untracked 
|  45|0x00000000cef00000, 0x00000000cef6e5d0, 0x00000000cf000000| 43%| S|CS|TAMS 0x00000000cef00000, 0x00000000cef00000| Complete 
|  46|0x00000000cf000000, 0x00000000cf000000, 0x00000000cf100000|  0%| F|  |TAMS 0x00000000cf000000, 0x00000000cf000000| Untracked 
|  47|0x00000000cf100000, 0x00000000cf100000, 0x00000000cf200000|  0%| F|  |TAMS 0x00000000cf100000, 0x00000000cf100000| Untracked 
|  48|0x00000000cf200000, 0x00000000cf200000, 0x00000000cf300000|  0%| F|  |TAMS 0x00000000cf200000, 0x00000000cf200000| Untracked 
|  49|0x00000000cf300000, 0x00000000cf300000, 0x00000000cf400000|  0%| F|  |TAMS 0x00000000cf300000, 0x00000000cf300000| Untracked 
|  50|0x00000000cf400000, 0x00000000cf400000, 0x00000000cf500000|  0%| F|  |TAMS 0x00000000cf400000, 0x00000000cf400000| Untracked 
|  51|0x00000000cf500000, 0x00000000cf5cb828, 0x00000000cf600000| 79%| E|  |TAMS 0x00000000cf500000, 0x00000000cf500000| Complete 

Card table byte_map: [0x000002e4afed0000,0x000002e4b0070000] _byte_map_base: 0x000002e4af86f000

Marking Bits (Prev, Next): (CMBitMap*) 0x000002e4b019b4e0, (CMBitMap*) 0x000002e4b019b4a8
 Prev Bits: [0x000002e4c76d0000, 0x000002e4c83c8000)
 Next Bits: [0x000002e4c69d0000, 0x000002e4c76c8000)

Polling page: 0x000002e4ae2d0000

Metaspace:

Usage:
  Non-class:     18.34 MB capacity,    17.97 MB ( 98%) used,   310.07 KB (  2%) free+waste,    63.75 KB ( <1%) overhead. 
      Class:      2.48 MB capacity,     2.21 MB ( 89%) used,   245.85 KB ( 10%) free+waste,    33.25 KB (  1%) overhead. 
       Both:     20.82 MB capacity,    20.18 MB ( 97%) used,   555.92 KB (  3%) free+waste,    97.00 KB ( <1%) overhead. 

Virtual space:
  Non-class space:       20.00 MB reserved,      18.55 MB ( 93%) committed 
      Class space:        1.00 GB reserved,       2.50 MB ( <1%) committed 
             Both:        1.02 GB reserved,      21.05 MB (  2%) committed 

Chunk freelists:
   Non-Class:  4.88 KB
       Class:  0 bytes
        Both:  4.88 KB

CodeHeap 'non-profiled nmethods': size=120064Kb used=767Kb max_used=767Kb free=119296Kb
 bounds [0x000002e4bf2f0000, 0x000002e4bf560000, 0x000002e4c6830000]
CodeHeap 'profiled nmethods': size=120000Kb used=3906Kb max_used=3906Kb free=116093Kb
 bounds [0x000002e4b7dc0000, 0x000002e4b81a0000, 0x000002e4bf2f0000]
CodeHeap 'non-nmethods': size=5696Kb used=1161Kb max_used=1167Kb free=4534Kb
 bounds [0x000002e4b7830000, 0x000002e4b7aa0000, 0x000002e4b7dc0000]
 total_blobs=2450 nmethods=1945 adapters=416
 compilation: enabled
              stopped_count=0, restarted_count=0
 full_count=0

Compilation events (10 events):
Event: 9.061 Thread 0x000002e4cb126000 nmethod 1931 0x000002e4b817bf90 code [0x000002e4b817c120, 0x000002e4b817c2f8]
Event: 9.064 Thread 0x000002e4cb126000 1932       3       java.lang.invoke.MethodHandles$Lookup::checkMethod (83 bytes)
Event: 9.065 Thread 0x000002e4cb126000 nmethod 1932 0x000002e4b817c390 code [0x000002e4b817c5a0, 0x000002e4b817ccf8]
Event: 9.065 Thread 0x000002e4cb126000 1933       3       java.lang.invoke.MethodHandles$Lookup::maybeBindCaller (47 bytes)
Event: 9.065 Thread 0x000002e4cb126000 nmethod 1933 0x000002e4b817cf90 code [0x000002e4b817d1c0, 0x000002e4b817daa8]
Event: 9.066 Thread 0x000002e4cb126000 1934       3       jdk.internal.org.objectweb.asm.FieldWriter::getSize (262 bytes)
Event: 9.066 Thread 0x000002e4cb126000 nmethod 1934 0x000002e4b817de10 code [0x000002e4b817e0c0, 0x000002e4b817ece8]
Event: 9.066 Thread 0x000002e4cb126000 1935       3       jdk.internal.org.objectweb.asm.FieldWriter::put (475 bytes)
Event: 9.067 Thread 0x000002e4cb126000 nmethod 1935 0x000002e4b817f290 code [0x000002e4b817f680, 0x000002e4b81806d8]
Event: 9.072 Thread 0x000002e4cb126000 1936       3       java.lang.invoke.StringConcatFactory$MethodHandleInlineCopyStrategy::newArray (16 bytes)

GC Heap History (10 events):
Event: 2.334 GC heap before
{Heap before GC invocations=2 (full 0):
 garbage-first heap   total 53248K, used 15929K [0x00000000cc200000, 0x0000000100000000)
  region size 1024K, 10 young (10240K), 1 survivors (1024K)
 Metaspace       used 9562K, capacity 9732K, committed 9984K, reserved 1058816K
  class space    used 882K, capacity 943K, committed 1024K, reserved 1048576K
}
Event: 2.338 GC heap after
{Heap after GC invocations=3 (full 0):
 garbage-first heap   total 53248K, used 10552K [0x00000000cc200000, 0x0000000100000000)
  region size 1024K, 2 young (2048K), 2 survivors (2048K)
 Metaspace       used 9562K, capacity 9732K, committed 9984K, reserved 1058816K
  class space    used 882K, capacity 943K, committed 1024K, reserved 1048576K
}
Event: 2.790 GC heap before
{Heap before GC invocations=3 (full 0):
 garbage-first heap   total 53248K, used 22840K [0x00000000cc200000, 0x0000000100000000)
  region size 1024K, 14 young (14336K), 2 survivors (2048K)
 Metaspace       used 11028K, capacity 11167K, committed 11392K, reserved 1058816K
  class space    used 1061K, capacity 1127K, committed 1152K, reserved 1048576K
}
Event: 2.793 GC heap after
{Heap after GC invocations=4 (full 0):
 garbage-first heap   total 53248K, used 10830K [0x00000000cc200000, 0x0000000100000000)
  region size 1024K, 1 young (1024K), 1 survivors (1024K)
 Metaspace       used 11028K, capacity 11167K, committed 11392K, reserved 1058816K
  class space    used 1061K, capacity 1127K, committed 1152K, reserved 1048576K
}
Event: 4.019 GC heap before
{Heap before GC invocations=4 (full 0):
 garbage-first heap   total 53248K, used 25166K [0x00000000cc200000, 0x0000000100000000)
  region size 1024K, 15 young (15360K), 1 survivors (1024K)
 Metaspace       used 14645K, capacity 14940K, committed 14976K, reserved 1062912K
  class space    used 1510K, capacity 1634K, committed 1664K, reserved 1048576K
}
Event: 4.021 GC heap after
{Heap after GC invocations=5 (full 0):
 garbage-first heap   total 53248K, used 11528K [0x00000000cc200000, 0x0000000100000000)
  region size 1024K, 2 young (2048K), 2 survivors (2048K)
 Metaspace       used 14645K, capacity 14940K, committed 14976K, reserved 1062912K
  class space    used 1510K, capacity 1634K, committed 1664K, reserved 1048576K
}
Event: 8.575 GC heap before
{Heap before GC invocations=5 (full 0):
 garbage-first heap   total 53248K, used 27912K [0x00000000cc200000, 0x0000000100000000)
  region size 1024K, 18 young (18432K), 2 survivors (2048K)
 Metaspace       used 19772K, capacity 20322K, committed 20608K, reserved 1067008K
  class space    used 2111K, capacity 2331K, committed 2432K, reserved 1048576K
}
Event: 8.584 GC heap after
{Heap after GC invocations=6 (full 0):
 garbage-first heap   total 53248K, used 13310K [0x00000000cc200000, 0x0000000100000000)
  region size 1024K, 3 young (3072K), 3 survivors (3072K)
 Metaspace       used 19772K, capacity 20322K, committed 20608K, reserved 1067008K
  class space    used 2111K, capacity 2331K, committed 2432K, reserved 1048576K
}
Event: 9.035 GC heap before
{Heap before GC invocations=6 (full 0):
 garbage-first heap   total 53248K, used 18430K [0x00000000cc200000, 0x0000000100000000)
  region size 1024K, 9 young (9216K), 3 survivors (3072K)
 Metaspace       used 20601K, capacity 21222K, committed 21296K, reserved 1069056K
  class space    used 2240K, capacity 2529K, committed 2560K, reserved 1048576K
}
Event: 9.041 GC heap after
{Heap after GC invocations=7 (full 0):
 garbage-first heap   total 53248K, used 13673K [0x00000000cc200000, 0x0000000100000000)
  region size 1024K, 1 young (1024K), 1 survivors (1024K)
 Metaspace       used 20601K, capacity 21222K, committed 21296K, reserved 1069056K
  class space    used 2240K, capacity 2529K, committed 2560K, reserved 1048576K
}

Deoptimization events (10 events):
Event: 2.304 Thread 0x000002e4b0174000 Uncommon trap: reason=bimorphic_or_optimized_type_check action=maybe_recompile pc=0x000002e4bf2fbe94 method=java.util.AbstractCollection.isEmpty()Z @ 1 c2
Event: 2.366 Thread 0x000002e4b0174000 Uncommon trap: reason=unstable_if action=reinterpret pc=0x000002e4bf3327e0 method=java.io.WinNTFileSystem.normalize(Ljava/lang/String;)Ljava/lang/String; @ 40 c2
Event: 2.653 Thread 0x000002e4b0174000 Uncommon trap: reason=unstable_if action=reinterpret pc=0x000002e4bf352584 method=sun.net.www.ParseUtil.firstEncodeIndex(Ljava/lang/String;)I @ 51 c2
Event: 3.844 Thread 0x000002e4b0174000 Uncommon trap: reason=unstable_if action=reinterpret pc=0x000002e4bf34e7c4 method=java.util.jar.JarFile.getVersionedEntry(Ljava/lang/String;Ljava/util/jar/JarEntry;)Ljava/util/jar/JarEntry; @ 7 c2
Event: 4.060 Thread 0x000002e4b0174000 Uncommon trap: reason=unstable_if action=reinterpret pc=0x000002e4bf362748 method=java.lang.String.replace(CC)Ljava/lang/String; @ 2 c2
Event: 8.181 Thread 0x000002e4b0174000 Uncommon trap: reason=bimorphic_or_optimized_type_check action=maybe_recompile pc=0x000002e4bf33a204 method=java.util.HashMap.getNode(ILjava/lang/Object;)Ljava/util/HashMap$Node; @ 126 c2
Event: 8.182 Thread 0x000002e4b0174000 Uncommon trap: reason=bimorphic_or_optimized_type_check action=maybe_recompile pc=0x000002e4bf33a204 method=java.util.HashMap.getNode(ILjava/lang/Object;)Ljava/util/HashMap$Node; @ 126 c2
Event: 8.182 Thread 0x000002e4b0174000 Uncommon trap: reason=bimorphic_or_optimized_type_check action=maybe_recompile pc=0x000002e4bf33a204 method=java.util.HashMap.getNode(ILjava/lang/Object;)Ljava/util/HashMap$Node; @ 126 c2
Event: 8.184 Thread 0x000002e4b0174000 Uncommon trap: reason=bimorphic_or_optimized_type_check action=maybe_recompile pc=0x000002e4bf33a204 method=java.util.HashMap.getNode(ILjava/lang/Object;)Ljava/util/HashMap$Node; @ 126 c2
Event: 8.311 Thread 0x000002e4b0174000 Uncommon trap: reason=unstable_if action=reinterpret pc=0x000002e4bf38231c method=java.lang.StringLatin1.regionMatchesCI([BI[BII)Z @ 66 c2

Classes redefined (0 events):
No events

Internal exceptions (10 events):
Event: 8.324 Thread 0x000002e4b0174000 Exception <a 'java/lang/NoSuchMethodError'{0x00000000cea49480}: java.lang.invoke.DirectMethodHandle$Holder.invokeStaticInit(Ljava/lang/Object;Ljava/lang/Object;Ljava/lang/Object;Ljava/lang/Object;)I> (0x00000000cea49480) thrown at [./open/src/hotspot/shar
Event: 8.325 Thread 0x000002e4b0174000 Exception <a 'java/lang/IncompatibleClassChangeError'{0x00000000cea52980}: Found class java.lang.Object, but interface was expected> (0x00000000cea52980) thrown at [./open/src/hotspot/share/interpreter/linkResolver.cpp, line 838]
Event: 8.630 Thread 0x000002e4b0174000 Exception <a 'java/lang/NoSuchMethodError'{0x00000000cf4f8aa0}: java.lang.invoke.DirectMethodHandle$Holder.invokeInterface(Ljava/lang/Object;Ljava/lang/Object;Ljava/lang/Object;)Ljava/lang/Object;> (0x00000000cf4f8aa0) thrown at [./open/src/hotspot/share/
Event: 8.630 Thread 0x000002e4b0174000 Exception <a 'java/lang/IncompatibleClassChangeError'{0x00000000cf4fba28}: Found class java.lang.Object, but interface was expected> (0x00000000cf4fba28) thrown at [./open/src/hotspot/share/interpreter/linkResolver.cpp, line 838]
Event: 8.632 Thread 0x000002e4b0174000 Exception <a 'java/lang/NoSuchMethodError'{0x00000000cf304478}: java.lang.invoke.DirectMethodHandle$Holder.invokeSpecialIFC(Ljava/lang/Object;Ljava/lang/Object;Ljava/lang/Object;Ljava/lang/Object;)I> (0x00000000cf304478) thrown at [./open/src/hotspot/shar
Event: 8.855 Thread 0x000002e4cc872000 Exception <a 'java/net/ConnectException'{0x00000000cf2d6190}: Connection refused: connect> (0x00000000cf2d6190) thrown at [./open/src/hotspot/share/prims/jni.cpp, line 632]
Event: 8.878 Thread 0x000002e4cc872000 Exception <a 'java/net/ConnectException'{0x00000000cf2d71f0}: Connection refused: connect> (0x00000000cf2d71f0) thrown at [./open/src/hotspot/share/prims/jni.cpp, line 632]
Event: 8.912 Thread 0x000002e4cc872000 Exception <a 'java/net/ConnectException'{0x00000000cf2d8100}: Connection refused: connect> (0x00000000cf2d8100) thrown at [./open/src/hotspot/share/prims/jni.cpp, line 632]
Event: 8.981 Thread 0x000002e4cc872000 Exception <a 'java/net/ConnectException'{0x00000000cf2d9010}: Connection refused: connect> (0x00000000cf2d9010) thrown at [./open/src/hotspot/share/prims/jni.cpp, line 632]
Event: 9.021 Thread 0x000002e4b0174000 Exception <a 'java/lang/NoSuchMethodError'{0x00000000cf1dc1c0}: java.lang.invoke.DirectMethodHandle$Holder.invokeStatic(Ljava/lang/Object;Ljava/lang/Object;Ljava/lang/Object;Ljava/lang/Object;Ljava/lang/Object;Ljava/lang/Object;I)Ljava/lang/Object;> (0x00

Events (10 events):
Event: 9.063 loading class java/util/stream/SortedOps$OfRef
Event: 9.063 loading class java/util/stream/ReferencePipeline$StatefulOp
Event: 9.064 loading class java/util/stream/ReferencePipeline$StatefulOp done
Event: 9.064 loading class java/util/stream/SortedOps$OfRef done
Event: 9.064 Executing VM operation: Deoptimize
Event: 9.064 Executing VM operation: Deoptimize done
Event: 9.069 loading class java/util/stream/SortedOps$SizedRefSortingSink
Event: 9.071 loading class java/util/stream/SortedOps$AbstractRefSortingSink
Event: 9.072 loading class java/util/stream/SortedOps$AbstractRefSortingSink done
Event: 9.072 loading class java/util/stream/SortedOps$SizedRefSortingSink done


Dynamic libraries:
0x00007ff7adbb0000 - 0x00007ff7adbc0000 	C:\Program Files\Java\jdk-11\bin\java.exe
0x00007ffae33d0000 - 0x00007ffae35e7000 	C:\WINDOWS\SYSTEM32\ntdll.dll
0x00007ffae16d0000 - 0x00007ffae1794000 	C:\WINDOWS\System32\KERNEL32.DLL
0x00007ffae0d80000 - 0x00007ffae1126000 	C:\WINDOWS\System32\KERNELBASE.dll
0x00007ffae0780000 - 0x00007ffae0891000 	C:\WINDOWS\System32\ucrtbase.dll
0x00007ffad4650000 - 0x00007ffad466b000 	C:\Program Files\Java\jdk-11\bin\VCRUNTIME140.dll
0x00007ffad4b60000 - 0x00007ffad4b79000 	C:\Program Files\Java\jdk-11\bin\jli.dll
0x00007ffae2170000 - 0x00007ffae2220000 	C:\WINDOWS\System32\ADVAPI32.dll
0x00007ffae1dc0000 - 0x00007ffae1e67000 	C:\WINDOWS\System32\msvcrt.dll
0x00007ffae2a10000 - 0x00007ffae2ab6000 	C:\WINDOWS\System32\sechost.dll
0x00007ffae1e80000 - 0x00007ffae1f97000 	C:\WINDOWS\System32\RPCRT4.dll
0x00007ffae1520000 - 0x00007ffae16cd000 	C:\WINDOWS\System32\USER32.dll
0x00007ffae0750000 - 0x00007ffae0776000 	C:\WINDOWS\System32\win32u.dll
0x00007ffae1330000 - 0x00007ffae1359000 	C:\WINDOWS\System32\GDI32.dll
0x00007ffac4e60000 - 0x00007ffac50f3000 	C:\WINDOWS\WinSxS\amd64_microsoft.windows.common-controls_6595b64144ccf1df_6.0.22621.2361_none_2712ced57382f843\COMCTL32.dll
0x00007ffae0c60000 - 0x00007ffae0d78000 	C:\WINDOWS\System32\gdi32full.dll
0x00007ffae08a0000 - 0x00007ffae093a000 	C:\WINDOWS\System32\msvcp_win.dll
0x00007ffad6390000 - 0x00007ffad639a000 	C:\WINDOWS\SYSTEM32\VERSION.dll
0x00007ffae20d0000 - 0x00007ffae2101000 	C:\WINDOWS\System32\IMM32.DLL
0x00007ffad9ff0000 - 0x00007ffad9ffc000 	C:\Program Files\Java\jdk-11\bin\vcruntime140_1.dll
0x00007ffad0700000 - 0x00007ffad078e000 	C:\Program Files\Java\jdk-11\bin\msvcp140.dll
0x00007ffa6b230000 - 0x00007ffa6bd9c000 	C:\Program Files\Java\jdk-11\bin\server\jvm.dll
0x00007ffae1e70000 - 0x00007ffae1e78000 	C:\WINDOWS\System32\PSAPI.DLL
0x00007ffab9fc0000 - 0x00007ffab9fc9000 	C:\WINDOWS\SYSTEM32\WSOCK32.dll
0x00007ffae24b0000 - 0x00007ffae2521000 	C:\WINDOWS\System32\WS2_32.dll
0x00007ffad9480000 - 0x00007ffad94b4000 	C:\WINDOWS\SYSTEM32\WINMM.dll
0x00007ffadf770000 - 0x00007ffadf788000 	C:\WINDOWS\SYSTEM32\kernel.appcore.dll
0x00007ffad9fd0000 - 0x00007ffad9fe0000 	C:\Program Files\Java\jdk-11\bin\verify.dll
0x00007ffade410000 - 0x00007ffade63e000 	C:\WINDOWS\SYSTEM32\DBGHELP.DLL
0x00007ffae2680000 - 0x00007ffae2a0a000 	C:\WINDOWS\System32\combase.dll
0x00007ffae2320000 - 0x00007ffae23f7000 	C:\WINDOWS\System32\OLEAUT32.dll
0x00007ffad5750000 - 0x00007ffad5782000 	C:\WINDOWS\SYSTEM32\dbgcore.DLL
0x00007ffae0b20000 - 0x00007ffae0b9a000 	C:\WINDOWS\System32\bcryptPrimitives.dll
0x00007ffad2180000 - 0x00007ffad21a8000 	C:\Program Files\Java\jdk-11\bin\java.dll
0x00007ffad9590000 - 0x00007ffad959a000 	C:\Program Files\Java\jdk-11\bin\jimage.dll
0x00007ffad9290000 - 0x00007ffad929e000 	C:\Program Files\Java\jdk-11\bin\instrument.dll
0x00007ffad2110000 - 0x00007ffad2127000 	C:\Program Files\Java\jdk-11\bin\zip.dll
0x00007ffae2b10000 - 0x00007ffae3368000 	C:\WINDOWS\System32\SHELL32.dll
0x00007ffade660000 - 0x00007ffadef52000 	C:\WINDOWS\SYSTEM32\windows.storage.dll
0x00007ffade220000 - 0x00007ffade35e000 	C:\WINDOWS\SYSTEM32\wintypes.dll
0x00007ffae2220000 - 0x00007ffae2313000 	C:\WINDOWS\System32\SHCORE.dll
0x00007ffae2110000 - 0x00007ffae216e000 	C:\WINDOWS\System32\shlwapi.dll
0x00007ffae0680000 - 0x00007ffae06a6000 	C:\WINDOWS\SYSTEM32\profapi.dll
0x00007ffad2090000 - 0x00007ffad20a9000 	C:\Program Files\Java\jdk-11\bin\net.dll
0x00007ffada670000 - 0x00007ffada7a7000 	C:\WINDOWS\SYSTEM32\WINHTTP.dll
0x00007ffadfc10000 - 0x00007ffadfc79000 	C:\WINDOWS\system32\mswsock.dll
0x00007ffad2070000 - 0x00007ffad2082000 	C:\Program Files\Java\jdk-11\bin\nio.dll
0x00007ffac2bd0000 - 0x00007ffac2bea000 	C:\Program Files\JetBrains\IntelliJ IDEA Community Edition 2023.1.1\bin\breakgen64.dll
0x00007ffadfe60000 - 0x00007ffadfe7b000 	C:\WINDOWS\SYSTEM32\CRYPTSP.dll
0x00007ffadf6d0000 - 0x00007ffadf705000 	C:\WINDOWS\system32\rsaenh.dll
0x00007ffadfd00000 - 0x00007ffadfd2c000 	C:\WINDOWS\SYSTEM32\USERENV.dll
0x00007ffae0110000 - 0x00007ffae0138000 	C:\WINDOWS\SYSTEM32\bcrypt.dll
0x00007ffadfef0000 - 0x00007ffadfefc000 	C:\WINDOWS\SYSTEM32\CRYPTBASE.dll
0x00007ffadf1c0000 - 0x00007ffadf1ed000 	C:\WINDOWS\SYSTEM32\IPHLPAPI.DLL
0x00007ffae20b0000 - 0x00007ffae20b9000 	C:\WINDOWS\System32\NSI.dll
0x00007ffad93b0000 - 0x00007ffad93c9000 	C:\WINDOWS\SYSTEM32\dhcpcsvc6.DLL
0x00007ffad92a0000 - 0x00007ffad92bf000 	C:\WINDOWS\SYSTEM32\dhcpcsvc.DLL
0x00007ffadf230000 - 0x00007ffadf329000 	C:\WINDOWS\SYSTEM32\DNSAPI.dll
0x00007ffad8e30000 - 0x00007ffad8e3a000 	C:\Windows\System32\rasadhlp.dll
0x00007ffad8d20000 - 0x00007ffad8da4000 	C:\WINDOWS\System32\fwpuclnt.dll
0x00007ffadd460000 - 0x00007ffadd4f7000 	C:\WINDOWS\system32\apphelp.dll
0x00007ffad94c0000 - 0x00007ffad94cd000 	C:\Program Files\Java\jdk-11\bin\sunmscapi.dll
0x00007ffae0940000 - 0x00007ffae0aa6000 	C:\WINDOWS\System32\CRYPT32.dll
0x00007ffae00e0000 - 0x00007ffae010d000 	C:\WINDOWS\SYSTEM32\ncrypt.dll
0x00007ffae00a0000 - 0x00007ffae00d7000 	C:\WINDOWS\SYSTEM32\NTASN1.dll
0x00007ffad0840000 - 0x00007ffad0867000 	C:\Program Files\Java\jdk-11\bin\sunec.dll
0x00007ffa7b2d0000 - 0x00007ffa7b2e7000 	C:\WINDOWS\system32\napinsp.dll
0x00007ffa7b2b0000 - 0x00007ffa7b2cb000 	C:\WINDOWS\system32\pnrpnsp.dll
0x00007ffa7b290000 - 0x00007ffa7b2a1000 	C:\WINDOWS\System32\winrnr.dll
0x00007ffad76a0000 - 0x00007ffad76b5000 	C:\WINDOWS\system32\wshbth.dll
0x00007ffa7a010000 - 0x00007ffa7a031000 	C:\WINDOWS\system32\nlansp_c.dll

dbghelp: loaded successfully - version: 4.0.5 - missing functions: none
symbol engine: initialized successfully - sym options: 0x614 - pdb path: .;C:\Program Files\Java\jdk-11\bin;C:\WINDOWS\SYSTEM32;C:\WINDOWS\WinSxS\amd64_microsoft.windows.common-controls_6595b64144ccf1df_6.0.22621.2361_none_2712ced57382f843;C:\Program Files\Java\jdk-11\bin\server;C:\Program Files\JetBrains\IntelliJ IDEA Community Edition 2023.1.1\bin

VM Arguments:
jvm_args: -ea -Didea.test.cyclic.buffer.size=1048576 -javaagent:C:\Program Files\JetBrains\IntelliJ IDEA Community Edition 2023.1.1\lib\idea_rt.jar=52670:C:\Program Files\JetBrains\IntelliJ IDEA Community Edition 2023.1.1\bin -Dfile.encoding=UTF-8 
java_command: com.intellij.rt.testng.RemoteTestNGStarter -usedefaultlisteners false -socket52669 @w@C:\Users\chava\AppData\Local\Temp\idea_working_dirs_testng.tmp -temp C:\Users\chava\AppData\Local\Temp\idea_testng.tmp
java_class_path (initial): C:\Program Files\JetBrains\IntelliJ IDEA Community Edition 2023.1.1\lib\idea_rt.jar;C:\Program Files\JetBrains\IntelliJ IDEA Community Edition 2023.1.1\plugins\testng\lib\testng-rt.jar;C:\Users\chava\Desktop\Selenium\TutorialsNinja\target\test-classes;C:\Users\chava\Desktop\Selenium\TutorialsNinja\target\classes;C:\Users\chava\.m2\repository\io\cucumber\cucumber-java\6.9.1\cucumber-java-6.9.1.jar;C:\Users\chava\.m2\repository\org\apiguardian\apiguardian-api\1.1.0\apiguardian-api-1.1.0.jar;C:\Users\chava\.m2\repository\com\aventstack\extentreports\5.1.0\extentreports-5.1.0.jar;C:\Users\chava\.m2\repository\io\reactivex\rxjava3\rxjava\3.1.6\rxjava-3.1.6.jar;C:\Users\chava\.m2\repository\org\reactivestreams\reactive-streams\1.0.4\reactive-streams-1.0.4.jar;C:\Users\chava\.m2\repository\org\freemarker\freemarker\2.3.32\freemarker-2.3.32.jar;C:\Users\chava\.m2\repository\com\google\code\gson\gson\2.10.1\gson-2.10.1.jar;C:\Users\chava\.m2\repository\tech\grasshopper\extentreports-cucumber7-adapter\1.13.0\extentreports-cucumber7-adapter-1.13.0.jar;C:\Users\chava\.m2\repository\tech\grasshopper\extent-pdf-report\2.11.0\extent-pdf-report-2.11.0.jar;C:\Users\chava\.m2\repository\tech\grasshopper\cucumber-pdf-report\2.13.0\cucumber-pdf-report-2.13.0.jar;C:\Users\chava\.m2\repository\org\apache\pdfbox\pdfbox\2.0.26\pdfbox-2.0.26.jar;C:\Users\chava\.m2\repository\org\apache\pdfbox\fontbox\2.0.26\fontbox-2.0.26.jar;C:\Users\chava\.m2\repository\org\knowm\xchart\xchart\3.8.0\xchart-3.8.0.jar;C:\Users\chava\.m2\repository\de\erichseifert\vectorgraphics2d\VectorGraphics2D\0.13\VectorGraphics2D-0.13.jar;C:\Users\chava\.m2\repository\de\rototor\pdfbox\graphics2d\0.30\graphics2d-0.30.jar;C:\Users\chava\.m2\repository\com\madgag\animated-gif-lib\1.4\animated-gif-lib-1.4.jar;C:\Users\chava\.m2\repository\tech\grasshopper\table-layout\1.5.1\table-layout-1.5.1.jar;C:\Users\chava\.m2\repository\tech\grasshopper\rest-assured-cucumber-pdf-report\1.4.1\rest-assured
Launcher Type: SUN_STANDARD

[Global flags]
     intx CICompilerCount                          = 2                                         {product} {ergonomic}
     uint ConcGCThreads                            = 1                                         {product} {ergonomic}
     uint G1ConcRefinementThreads                  = 2                                         {product} {ergonomic}
   size_t G1HeapRegionSize                         = 1048576                                   {product} {ergonomic}
    uintx GCDrainStackTargetSize                   = 64                                        {product} {ergonomic}
   size_t InitialHeapSize                          = 54525952                                  {product} {ergonomic}
   size_t MarkStackSize                            = 4194304                                   {product} {ergonomic}
   size_t MaxHeapSize                              = 870318080                                 {product} {ergonomic}
   size_t MaxNewSize                               = 522190848                                 {product} {ergonomic}
   size_t MinHeapDeltaBytes                        = 1048576                                   {product} {ergonomic}
    uintx NonNMethodCodeHeapSize                   = 5825164                                {pd product} {ergonomic}
    uintx NonProfiledCodeHeapSize                  = 122916538                              {pd product} {ergonomic}
    uintx ProfiledCodeHeapSize                     = 122916538                              {pd product} {ergonomic}
    uintx ReservedCodeCacheSize                    = 251658240                              {pd product} {ergonomic}
     bool SegmentedCodeCache                       = true                                      {product} {ergonomic}
     bool UseCompressedClassPointers               = true                                 {lp64_product} {ergonomic}
     bool UseCompressedOops                        = true                                 {lp64_product} {ergonomic}
     bool UseG1GC                                  = true                                      {product} {ergonomic}
     bool UseLargePagesIndividualAllocation        = false                                  {pd product} {ergonomic}

Logging:
Log output configuration:
 #0: stdout all=warning uptime,level,tags
 #1: stderr all=off uptime,level,tags

Environment Variables:
JAVA_HOME=C:\Program Files\Java\jdk-11
PATH=C:\Program Files\Common Files\Oracle\Java\javapath;C:\WINDOWS\system32;C:\WINDOWS;C:\WINDOWS\System32\Wbem;C:\WINDOWS\System32\WindowsPowerShell\v1.0\;C:\WINDOWS\System32\OpenSSH\;C:\Program Files\Java\jdk-11\bin;C:\Program Files\Git\cmd;C:\Program Files\apache-maven-3.9.4\bin;C:\Program Files\Docker\Docker\resources\bin;C:\Program Files\nodejs\;C:\Users\chava\AppData\Local\Microsoft\WindowsApps;C:\Program Files\Java\jdk-17.0.5\bin;C:\Users\chava\AppData\Roaming\npm
USERNAME=chava
OS=Windows_NT
PROCESSOR_IDENTIFIER=AMD64 Family 23 Model 160 Stepping 0, AuthenticAMD



---------------  S Y S T E M  ---------------

OS: Windows 11 , 64 bit Build 22621 (10.0.22621.2428)
Hyper-V role detected

CPU:total 2 (initial active 2) (2 cores per cpu, 1 threads per core) family 23 model 160 stepping 0 microcode 0x0, cmov, cx8, fxsr, mmx, sse, sse2, sse3, ssse3, sse4.1, sse4.2, popcnt, avx, avx2, aes, clmul, mmxext, 3dnowpref, lzcnt, sse4a, tsc, tscinvbit, tscinv, bmi1, bmi2, adx, sha,

Memory: 4k page, system-wide physical 3317M (123M free)
TotalPageFile size 13557M (AvailPageFile size 5M)
current process WorkingSet (physical memory assigned to process): 108M, peak: 108M
current process commit charge ("private bytes"): 155M, peak: 156M

vm_info: Java HotSpot(TM) 64-Bit Server VM (11.0.19+9-LTS-224) for windows-amd64 JRE (11.0.19+9-LTS-224), built on Mar 27 2023 08:48:55 by "mach5one" with MS VC++ 17.1 (VS2022)

END.
